;  LST file generated by mikroListExporter - v.2.0 
; Date/Time: 1/22/2023 12:05:34 AM
;----------------------------------------------

;Address Opcode 	ASM
0x0000	0x2895      	GOTO       149
_interrupt:
0x0004	0x00FF      	MOVWF      R15
0x0005	0x0E03      	SWAPF      STATUS, 0
0x0006	0x0183      	CLRF       STATUS
0x0007	0x00A8      	MOVWF      ___saveSTATUS
0x0008	0x080A      	MOVF       PCLATH, 0
0x0009	0x00A7      	MOVWF      ___savePCLATH
0x000A	0x018A      	CLRF       PCLATH
0x000B	0x0870      	MOVF       R0, 0
0x000C	0x00A0      	MOVWF      32
;Roombacompletefile.c,35 :: 		void interrupt(void){
;Roombacompletefile.c,36 :: 		if(INTCON&0x01){
0x000D	0x1C0B      	BTFSS      INTCON, 0
0x000E	0x2811      	GOTO       L_interrupt0
;Roombacompletefile.c,37 :: 		INTCON=INTCON&0xFE;     //Clear RBIF
0x000F	0x30FE      	MOVLW      254
0x0010	0x058B      	ANDWF      INTCON, 1
;Roombacompletefile.c,38 :: 		}
L_interrupt0:
;Roombacompletefile.c,39 :: 		if(INTCON&0x02){
0x0011	0x1C8B      	BTFSS      INTCON, 1
0x0012	0x2824      	GOTO       L_interrupt1
;Roombacompletefile.c,40 :: 		PORTD = 0x00;           //STOP
0x0013	0x0188      	CLRF       PORTD
;Roombacompletefile.c,41 :: 		msDelay2(500);
0x0014	0x30F4      	MOVLW      244
0x0015	0x00AF      	MOVWF      FARG_msDelay2_msCnt
0x0016	0x3001      	MOVLW      1
0x0017	0x00B0      	MOVWF      FARG_msDelay2_msCnt+1
0x0018	0x204F      	CALL       _msDelay2
;Roombacompletefile.c,42 :: 		PORTD = 0x99;           //RIGHT
0x0019	0x3099      	MOVLW      153
0x001A	0x0088      	MOVWF      PORTD
;Roombacompletefile.c,43 :: 		msDelay2(1000);
0x001B	0x30E8      	MOVLW      232
0x001C	0x00AF      	MOVWF      FARG_msDelay2_msCnt
0x001D	0x3003      	MOVLW      3
0x001E	0x00B0      	MOVWF      FARG_msDelay2_msCnt+1
0x001F	0x204F      	CALL       _msDelay2
;Roombacompletefile.c,44 :: 		PORTD = 0xAA;           //FORWARD
0x0020	0x30AA      	MOVLW      170
0x0021	0x0088      	MOVWF      PORTD
;Roombacompletefile.c,45 :: 		INTCON=INTCON&0xFD;     //Clear INTF
0x0022	0x30FD      	MOVLW      253
0x0023	0x058B      	ANDWF      INTCON, 1
;Roombacompletefile.c,46 :: 		}
L_interrupt1:
;Roombacompletefile.c,47 :: 		if(PIR1&0x04){
0x0024	0x1D0C      	BTFSS      PIR1, 2
0x0025	0x2828      	GOTO       L_interrupt2
;Roombacompletefile.c,48 :: 		PIR1=PIR1&0xFB;         //Clear CCP1IF
0x0026	0x30FB      	MOVLW      251
0x0027	0x058C      	ANDWF      PIR1, 1
;Roombacompletefile.c,49 :: 		}
L_interrupt2:
;Roombacompletefile.c,50 :: 		if(PIR1&0x01){
0x0028	0x1C0C      	BTFSS      PIR1, 0
0x0029	0x282F      	GOTO       L_interrupt3
;Roombacompletefile.c,51 :: 		T1overflow++;
0x002A	0x0AA3      	INCF       _T1overflow, 1
0x002B	0x1903      	BTFSC      STATUS, 2
0x002C	0x0AA4      	INCF       _T1overflow+1, 1
;Roombacompletefile.c,52 :: 		PIR1=PIR1&0xFE;         //Clear TMR1IF
0x002D	0x30FE      	MOVLW      254
0x002E	0x058C      	ANDWF      PIR1, 1
;Roombacompletefile.c,53 :: 		}
L_interrupt3:
;Roombacompletefile.c,54 :: 		PORTD = 0xAA;
0x002F	0x30AA      	MOVLW      170
0x0030	0x0088      	MOVWF      PORTD
;Roombacompletefile.c,55 :: 		}
L_end_interrupt:
L__interrupt37:
0x0031	0x0820      	MOVF       32, 0
0x0032	0x00F0      	MOVWF      R0
0x0033	0x0827      	MOVF       ___savePCLATH, 0
0x0034	0x008A      	MOVWF      PCLATH
0x0035	0x0E28      	SWAPF      ___saveSTATUS, 0
0x0036	0x0083      	MOVWF      STATUS
0x0037	0x0EFF      	SWAPF      R15, 1
0x0038	0x0E7F      	SWAPF      R15, 0
0x0039	0x0009      	RETFIE
; end of _interrupt
_usDelay:
;Roombacompletefile.c,131 :: 		void usDelay(unsigned int usCnt){
;Roombacompletefile.c,132 :: 		unsigned int us=0;
0x003A	0x1283      	BCF        STATUS, 5
0x003B	0x1303      	BCF        STATUS, 6
0x003C	0x01AB      	CLRF       usDelay_us_L0
0x003D	0x01AC      	CLRF       usDelay_us_L0+1
;Roombacompletefile.c,133 :: 		for(us=0;us<usCnt;us++){
0x003E	0x01AB      	CLRF       usDelay_us_L0
0x003F	0x01AC      	CLRF       usDelay_us_L0+1
L_usDelay21:
0x0040	0x082A      	MOVF       FARG_usDelay_usCnt+1, 0
0x0041	0x022C      	SUBWF      usDelay_us_L0+1, 0
0x0042	0x1D03      	BTFSS      STATUS, 2
0x0043	0x2846      	GOTO       L__usDelay43
0x0044	0x0829      	MOVF       FARG_usDelay_usCnt, 0
0x0045	0x022B      	SUBWF      usDelay_us_L0, 0
L__usDelay43:
0x0046	0x1803      	BTFSC      STATUS, 0
0x0047	0x284E      	GOTO       L_usDelay22
;Roombacompletefile.c,134 :: 		asm NOP;//0.5uS
0x0048	0x0000      	NOP
;Roombacompletefile.c,135 :: 		asm NOP;//0.5uS
0x0049	0x0000      	NOP
;Roombacompletefile.c,133 :: 		for(us=0;us<usCnt;us++){
0x004A	0x0AAB      	INCF       usDelay_us_L0, 1
0x004B	0x1903      	BTFSC      STATUS, 2
0x004C	0x0AAC      	INCF       usDelay_us_L0+1, 1
;Roombacompletefile.c,136 :: 		}}
0x004D	0x2840      	GOTO       L_usDelay21
L_usDelay22:
L_end_usDelay:
0x004E	0x0008      	RETURN
; end of _usDelay
_msDelay2:
;Roombacompletefile.c,143 :: 		void msDelay2(unsigned int msCnt){
;Roombacompletefile.c,144 :: 		unsigned int ms=0;
0x004F	0x1283      	BCF        STATUS, 5
0x0050	0x1303      	BCF        STATUS, 6
0x0051	0x01B1      	CLRF       msDelay2_ms_L0
0x0052	0x01B2      	CLRF       msDelay2_ms_L0+1
0x0053	0x01B3      	CLRF       msDelay2_cc_L0
0x0054	0x01B4      	CLRF       msDelay2_cc_L0+1
;Roombacompletefile.c,146 :: 		for(ms=0;ms<(msCnt);ms++){
0x0055	0x01B1      	CLRF       msDelay2_ms_L0
0x0056	0x01B2      	CLRF       msDelay2_ms_L0+1
L_msDelay230:
0x0057	0x0830      	MOVF       FARG_msDelay2_msCnt+1, 0
0x0058	0x0232      	SUBWF      msDelay2_ms_L0+1, 0
0x0059	0x1D03      	BTFSS      STATUS, 2
0x005A	0x285D      	GOTO       L__msDelay248
0x005B	0x082F      	MOVF       FARG_msDelay2_msCnt, 0
0x005C	0x0231      	SUBWF      msDelay2_ms_L0, 0
L__msDelay248:
0x005D	0x1803      	BTFSC      STATUS, 0
0x005E	0x2871      	GOTO       L_msDelay231
;Roombacompletefile.c,147 :: 		for(cc=0;cc<155;cc++);//1ms
0x005F	0x01B3      	CLRF       msDelay2_cc_L0
0x0060	0x01B4      	CLRF       msDelay2_cc_L0+1
L_msDelay233:
0x0061	0x3000      	MOVLW      0
0x0062	0x0234      	SUBWF      msDelay2_cc_L0+1, 0
0x0063	0x1D03      	BTFSS      STATUS, 2
0x0064	0x2867      	GOTO       L__msDelay249
0x0065	0x309B      	MOVLW      155
0x0066	0x0233      	SUBWF      msDelay2_cc_L0, 0
L__msDelay249:
0x0067	0x1803      	BTFSC      STATUS, 0
0x0068	0x286D      	GOTO       L_msDelay234
0x0069	0x0AB3      	INCF       msDelay2_cc_L0, 1
0x006A	0x1903      	BTFSC      STATUS, 2
0x006B	0x0AB4      	INCF       msDelay2_cc_L0+1, 1
0x006C	0x2861      	GOTO       L_msDelay233
L_msDelay234:
;Roombacompletefile.c,146 :: 		for(ms=0;ms<(msCnt);ms++){
0x006D	0x0AB1      	INCF       msDelay2_ms_L0, 1
0x006E	0x1903      	BTFSC      STATUS, 2
0x006F	0x0AB2      	INCF       msDelay2_ms_L0+1, 1
;Roombacompletefile.c,148 :: 		}}
0x0070	0x2857      	GOTO       L_msDelay230
L_msDelay231:
L_end_msDelay2:
0x0071	0x0008      	RETURN
; end of _msDelay2
_msDelay1:
;Roombacompletefile.c,137 :: 		void msDelay1(unsigned int msCnt){
;Roombacompletefile.c,138 :: 		unsigned int ms=0;
0x0072	0x1283      	BCF        STATUS, 5
0x0073	0x1303      	BCF        STATUS, 6
0x0074	0x01AB      	CLRF       msDelay1_ms_L0
0x0075	0x01AC      	CLRF       msDelay1_ms_L0+1
0x0076	0x01AD      	CLRF       msDelay1_cc_L0
0x0077	0x01AE      	CLRF       msDelay1_cc_L0+1
;Roombacompletefile.c,140 :: 		for(ms=0;ms<(msCnt);ms++){
0x0078	0x01AB      	CLRF       msDelay1_ms_L0
0x0079	0x01AC      	CLRF       msDelay1_ms_L0+1
L_msDelay124:
0x007A	0x082A      	MOVF       FARG_msDelay1_msCnt+1, 0
0x007B	0x022C      	SUBWF      msDelay1_ms_L0+1, 0
0x007C	0x1D03      	BTFSS      STATUS, 2
0x007D	0x2880      	GOTO       L__msDelay145
0x007E	0x0829      	MOVF       FARG_msDelay1_msCnt, 0
0x007F	0x022B      	SUBWF      msDelay1_ms_L0, 0
L__msDelay145:
0x0080	0x1803      	BTFSC      STATUS, 0
0x0081	0x2894      	GOTO       L_msDelay125
;Roombacompletefile.c,141 :: 		for(cc=0;cc<155;cc++);//1ms
0x0082	0x01AD      	CLRF       msDelay1_cc_L0
0x0083	0x01AE      	CLRF       msDelay1_cc_L0+1
L_msDelay127:
0x0084	0x3000      	MOVLW      0
0x0085	0x022E      	SUBWF      msDelay1_cc_L0+1, 0
0x0086	0x1D03      	BTFSS      STATUS, 2
0x0087	0x288A      	GOTO       L__msDelay146
0x0088	0x309B      	MOVLW      155
0x0089	0x022D      	SUBWF      msDelay1_cc_L0, 0
L__msDelay146:
0x008A	0x1803      	BTFSC      STATUS, 0
0x008B	0x2890      	GOTO       L_msDelay128
0x008C	0x0AAD      	INCF       msDelay1_cc_L0, 1
0x008D	0x1903      	BTFSC      STATUS, 2
0x008E	0x0AAE      	INCF       msDelay1_cc_L0+1, 1
0x008F	0x2884      	GOTO       L_msDelay127
L_msDelay128:
;Roombacompletefile.c,140 :: 		for(ms=0;ms<(msCnt);ms++){
0x0090	0x0AAB      	INCF       msDelay1_ms_L0, 1
0x0091	0x1903      	BTFSC      STATUS, 2
0x0092	0x0AAC      	INCF       msDelay1_ms_L0+1, 1
;Roombacompletefile.c,142 :: 		}}
0x0093	0x287A      	GOTO       L_msDelay124
L_msDelay125:
L_end_msDelay1:
0x0094	0x0008      	RETURN
; end of _msDelay1
_main:
;Roombacompletefile.c,57 :: 		void main() {
;Roombacompletefile.c,58 :: 		TRISB = 0xAB;
0x0095	0x30AB      	MOVLW      171
0x0096	0x1683      	BSF        STATUS, 5
0x0097	0x1303      	BCF        STATUS, 6
0x0098	0x0086      	MOVWF      TRISB
;Roombacompletefile.c,59 :: 		TRISD = 0x00;
0x0099	0x0188      	CLRF       TRISD
;Roombacompletefile.c,60 :: 		PORTB = 0x00;
0x009A	0x1283      	BCF        STATUS, 5
0x009B	0x0186      	CLRF       PORTB
;Roombacompletefile.c,61 :: 		PORTD = 0xAA;
0x009C	0x30AA      	MOVLW      170
0x009D	0x0088      	MOVWF      PORTD
;Roombacompletefile.c,62 :: 		TRISC = 0x08;
0x009E	0x3008      	MOVLW      8
0x009F	0x1683      	BSF        STATUS, 5
0x00A0	0x0087      	MOVWF      TRISC
;Roombacompletefile.c,63 :: 		PORTC = 0x00;
0x00A1	0x1283      	BCF        STATUS, 5
0x00A2	0x0187      	CLRF       PORTC
;Roombacompletefile.c,64 :: 		INTCON = INTCON | 0xD0;     //Enable GIE, INTE, RBIE
0x00A3	0x30D0      	MOVLW      208
0x00A4	0x048B      	IORWF      INTCON, 1
;Roombacompletefile.c,65 :: 		PIE1=PIE1|0x01;             //Enable TMR1 Overflow Interrupt
0x00A5	0x1683      	BSF        STATUS, 5
0x00A6	0x140C      	BSF        PIE1, 0
;Roombacompletefile.c,66 :: 		T1CON=0x18;                 //TMR1 OFF
0x00A7	0x3018      	MOVLW      24
0x00A8	0x1283      	BCF        STATUS, 5
0x00A9	0x0090      	MOVWF      T1CON
;Roombacompletefile.c,67 :: 		while(1){
L_main4:
;Roombacompletefile.c,68 :: 		PORTD = 0xAA;		//FORWARD
0x00AA	0x30AA      	MOVLW      170
0x00AB	0x0088      	MOVWF      PORTD
;Roombacompletefile.c,71 :: 		T1overflow=0;
0x00AC	0x01A3      	CLRF       _T1overflow
0x00AD	0x01A4      	CLRF       _T1overflow+1
;Roombacompletefile.c,72 :: 		TMR1H=0;
0x00AE	0x018F      	CLRF       TMR1H
;Roombacompletefile.c,73 :: 		TMR1L=0;
0x00AF	0x018E      	CLRF       TMR1L
;Roombacompletefile.c,74 :: 		PORTB=PORTB|0x04;       //Trigger1 on
0x00B0	0x1506      	BSF        PORTB, 2
;Roombacompletefile.c,75 :: 		usDelay(100);           //keep trigger for 100 usec
0x00B1	0x3064      	MOVLW      100
0x00B2	0x00A9      	MOVWF      FARG_usDelay_usCnt
0x00B3	0x3000      	MOVLW      0
0x00B4	0x00AA      	MOVWF      FARG_usDelay_usCnt+1
0x00B5	0x203A      	CALL       _usDelay
;Roombacompletefile.c,76 :: 		PORTB=PORTB&0xFB;       //Trigger1 off
0x00B6	0x30FB      	MOVLW      251
0x00B7	0x0586      	ANDWF      PORTB, 1
;Roombacompletefile.c,77 :: 		while(!(PORTB&0x02));   //if Echo1 on
L_main6:
0x00B8	0x1886      	BTFSC      PORTB, 1
0x00B9	0x28BB      	GOTO       L_main7
0x00BA	0x28B8      	GOTO       L_main6
L_main7:
;Roombacompletefile.c,78 :: 		T1CON=0x19;             //TMR1 ON
0x00BB	0x3019      	MOVLW      25
0x00BC	0x0090      	MOVWF      T1CON
;Roombacompletefile.c,79 :: 		while(PORTB&0x02);      //if Echo1 off
L_main8:
0x00BD	0x1C86      	BTFSS      PORTB, 1
0x00BE	0x28C0      	GOTO       L_main9
0x00BF	0x28BD      	GOTO       L_main8
L_main9:
;Roombacompletefile.c,80 :: 		T1CON=0x18;             //TMR1 OFF
0x00C0	0x3018      	MOVLW      24
0x00C1	0x0090      	MOVWF      T1CON
;Roombacompletefile.c,81 :: 		Total=(TMR1H<<8)|TMR1L;
0x00C2	0x080F      	MOVF       TMR1H, 0
0x00C3	0x00F1      	MOVWF      R0+1
0x00C4	0x01F0      	CLRF       R0
0x00C5	0x080E      	MOVF       TMR1L, 0
0x00C6	0x0470      	IORWF      R0, 0
0x00C7	0x00F2      	MOVWF      R2
0x00C8	0x0871      	MOVF       R0+1, 0
0x00C9	0x00F3      	MOVWF      R2+1
0x00CA	0x3000      	MOVLW      0
0x00CB	0x04F3      	IORWF      R2+1, 1
0x00CC	0x0872      	MOVF       R2, 0
0x00CD	0x00A5      	MOVWF      _Total
0x00CE	0x0873      	MOVF       R2+1, 0
0x00CF	0x00A6      	MOVWF      _Total+1
;Roombacompletefile.c,82 :: 		if(Total<200){
0x00D0	0x3000      	MOVLW      0
0x00D1	0x0273      	SUBWF      R2+1, 0
0x00D2	0x1D03      	BTFSS      STATUS, 2
0x00D3	0x28D6      	GOTO       L__main39
0x00D4	0x30C8      	MOVLW      200
0x00D5	0x0272      	SUBWF      R2, 0
L__main39:
0x00D6	0x1803      	BTFSC      STATUS, 0
0x00D7	0x28E5      	GOTO       L_main10
;Roombacompletefile.c,83 :: 		PORTD = 0x00;       //STOP
0x00D8	0x0188      	CLRF       PORTD
;Roombacompletefile.c,84 :: 		msDelay1(500);
0x00D9	0x30F4      	MOVLW      244
0x00DA	0x00A9      	MOVWF      FARG_msDelay1_msCnt
0x00DB	0x3001      	MOVLW      1
0x00DC	0x00AA      	MOVWF      FARG_msDelay1_msCnt+1
0x00DD	0x2072      	CALL       _msDelay1
;Roombacompletefile.c,85 :: 		PORTD = 0x99;       //RIGHT
0x00DE	0x3099      	MOVLW      153
0x00DF	0x0088      	MOVWF      PORTD
;Roombacompletefile.c,86 :: 		msDelay1(1000);
0x00E0	0x30E8      	MOVLW      232
0x00E1	0x00A9      	MOVWF      FARG_msDelay1_msCnt
0x00E2	0x3003      	MOVLW      3
0x00E3	0x00AA      	MOVWF      FARG_msDelay1_msCnt+1
0x00E4	0x2072      	CALL       _msDelay1
;Roombacompletefile.c,87 :: 		}
L_main10:
;Roombacompletefile.c,88 :: 		PORTD = 0xAA;       	//FORWARD
0x00E5	0x30AA      	MOVLW      170
0x00E6	0x0088      	MOVWF      PORTD
;Roombacompletefile.c,91 :: 		T1overflow=0;
0x00E7	0x01A3      	CLRF       _T1overflow
0x00E8	0x01A4      	CLRF       _T1overflow+1
;Roombacompletefile.c,92 :: 		TMR1H=0;
0x00E9	0x018F      	CLRF       TMR1H
;Roombacompletefile.c,93 :: 		TMR1L=0;
0x00EA	0x018E      	CLRF       TMR1L
;Roombacompletefile.c,94 :: 		PORTC=PORTC|0x20;       //Trigger2 on
0x00EB	0x1687      	BSF        PORTC, 5
;Roombacompletefile.c,95 :: 		usDelay(100);           //keep trigger for 100 usec
0x00EC	0x3064      	MOVLW      100
0x00ED	0x00A9      	MOVWF      FARG_usDelay_usCnt
0x00EE	0x3000      	MOVLW      0
0x00EF	0x00AA      	MOVWF      FARG_usDelay_usCnt+1
0x00F0	0x203A      	CALL       _usDelay
;Roombacompletefile.c,96 :: 		PORTC=PORTC&0xDF;       //Trigger2 off
0x00F1	0x30DF      	MOVLW      223
0x00F2	0x0587      	ANDWF      PORTC, 1
;Roombacompletefile.c,97 :: 		while(!(PORTB&0x08));   //if Echo2 on
L_main11:
0x00F3	0x1986      	BTFSC      PORTB, 3
0x00F4	0x28F6      	GOTO       L_main12
0x00F5	0x28F3      	GOTO       L_main11
L_main12:
;Roombacompletefile.c,98 :: 		T1CON=0x19;             //TMR1 ON
0x00F6	0x3019      	MOVLW      25
0x00F7	0x0090      	MOVWF      T1CON
;Roombacompletefile.c,99 :: 		while(PORTB&0x08);      //if Echo2 off
L_main13:
0x00F8	0x1D86      	BTFSS      PORTB, 3
0x00F9	0x28FB      	GOTO       L_main14
0x00FA	0x28F8      	GOTO       L_main13
L_main14:
;Roombacompletefile.c,100 :: 		T1CON=0x18;             //TMR1 OFF
0x00FB	0x3018      	MOVLW      24
0x00FC	0x0090      	MOVWF      T1CON
;Roombacompletefile.c,101 :: 		Total=(TMR1H<<8)|TMR1L;
0x00FD	0x080F      	MOVF       TMR1H, 0
0x00FE	0x00F1      	MOVWF      R0+1
0x00FF	0x01F0      	CLRF       R0
0x0100	0x080E      	MOVF       TMR1L, 0
0x0101	0x0470      	IORWF      R0, 0
0x0102	0x00F2      	MOVWF      R2
0x0103	0x0871      	MOVF       R0+1, 0
0x0104	0x00F3      	MOVWF      R2+1
0x0105	0x3000      	MOVLW      0
0x0106	0x04F3      	IORWF      R2+1, 1
0x0107	0x0872      	MOVF       R2, 0
0x0108	0x00A5      	MOVWF      _Total
0x0109	0x0873      	MOVF       R2+1, 0
0x010A	0x00A6      	MOVWF      _Total+1
;Roombacompletefile.c,102 :: 		if(Total<200){
0x010B	0x3000      	MOVLW      0
0x010C	0x0273      	SUBWF      R2+1, 0
0x010D	0x1D03      	BTFSS      STATUS, 2
0x010E	0x2911      	GOTO       L__main40
0x010F	0x30C8      	MOVLW      200
0x0110	0x0272      	SUBWF      R2, 0
L__main40:
0x0111	0x1803      	BTFSC      STATUS, 0
0x0112	0x2920      	GOTO       L_main15
;Roombacompletefile.c,103 :: 		PORTD = 0x00;       //STOP
0x0113	0x0188      	CLRF       PORTD
;Roombacompletefile.c,104 :: 		msDelay1(500);
0x0114	0x30F4      	MOVLW      244
0x0115	0x00A9      	MOVWF      FARG_msDelay1_msCnt
0x0116	0x3001      	MOVLW      1
0x0117	0x00AA      	MOVWF      FARG_msDelay1_msCnt+1
0x0118	0x2072      	CALL       _msDelay1
;Roombacompletefile.c,105 :: 		PORTD = 0x99;       //RIGHT
0x0119	0x3099      	MOVLW      153
0x011A	0x0088      	MOVWF      PORTD
;Roombacompletefile.c,106 :: 		msDelay1(1000);
0x011B	0x30E8      	MOVLW      232
0x011C	0x00A9      	MOVWF      FARG_msDelay1_msCnt
0x011D	0x3003      	MOVLW      3
0x011E	0x00AA      	MOVWF      FARG_msDelay1_msCnt+1
0x011F	0x2072      	CALL       _msDelay1
;Roombacompletefile.c,107 :: 		}
L_main15:
;Roombacompletefile.c,108 :: 		PORTD = 0xAA;       	//FORWARD
0x0120	0x30AA      	MOVLW      170
0x0121	0x0088      	MOVWF      PORTD
;Roombacompletefile.c,111 :: 		T1overflow=0;
0x0122	0x01A3      	CLRF       _T1overflow
0x0123	0x01A4      	CLRF       _T1overflow+1
;Roombacompletefile.c,112 :: 		TMR1H=0;
0x0124	0x018F      	CLRF       TMR1H
;Roombacompletefile.c,113 :: 		TMR1L=0;
0x0125	0x018E      	CLRF       TMR1L
;Roombacompletefile.c,114 :: 		PORTC=PORTC|0x10;       //Trigger3 on
0x0126	0x1607      	BSF        PORTC, 4
;Roombacompletefile.c,115 :: 		usDelay(100);           //keep trigger for 100 usec
0x0127	0x3064      	MOVLW      100
0x0128	0x00A9      	MOVWF      FARG_usDelay_usCnt
0x0129	0x3000      	MOVLW      0
0x012A	0x00AA      	MOVWF      FARG_usDelay_usCnt+1
0x012B	0x203A      	CALL       _usDelay
;Roombacompletefile.c,116 :: 		PORTC=PORTC&0xEF;       //Trigger3 off
0x012C	0x30EF      	MOVLW      239
0x012D	0x0587      	ANDWF      PORTC, 1
;Roombacompletefile.c,117 :: 		while(!(PORTC&0x08));   //if Echo3 on
L_main16:
0x012E	0x1987      	BTFSC      PORTC, 3
0x012F	0x2931      	GOTO       L_main17
0x0130	0x292E      	GOTO       L_main16
L_main17:
;Roombacompletefile.c,118 :: 		T1CON=0x19;             //TMR1 ON
0x0131	0x3019      	MOVLW      25
0x0132	0x0090      	MOVWF      T1CON
;Roombacompletefile.c,119 :: 		while(PORTC&0x08);      //if Echo3 off
L_main18:
0x0133	0x1D87      	BTFSS      PORTC, 3
0x0134	0x2936      	GOTO       L_main19
0x0135	0x2933      	GOTO       L_main18
L_main19:
;Roombacompletefile.c,120 :: 		T1CON=0x18;             //TMR1 OFF
0x0136	0x3018      	MOVLW      24
0x0137	0x0090      	MOVWF      T1CON
;Roombacompletefile.c,121 :: 		Total=(TMR1H<<8)|TMR1L;
0x0138	0x080F      	MOVF       TMR1H, 0
0x0139	0x00F1      	MOVWF      R0+1
0x013A	0x01F0      	CLRF       R0
0x013B	0x080E      	MOVF       TMR1L, 0
0x013C	0x0470      	IORWF      R0, 0
0x013D	0x00F2      	MOVWF      R2
0x013E	0x0871      	MOVF       R0+1, 0
0x013F	0x00F3      	MOVWF      R2+1
0x0140	0x3000      	MOVLW      0
0x0141	0x04F3      	IORWF      R2+1, 1
0x0142	0x0872      	MOVF       R2, 0
0x0143	0x00A5      	MOVWF      _Total
0x0144	0x0873      	MOVF       R2+1, 0
0x0145	0x00A6      	MOVWF      _Total+1
;Roombacompletefile.c,122 :: 		if(Total<200){
0x0146	0x3000      	MOVLW      0
0x0147	0x0273      	SUBWF      R2+1, 0
0x0148	0x1D03      	BTFSS      STATUS, 2
0x0149	0x294C      	GOTO       L__main41
0x014A	0x30C8      	MOVLW      200
0x014B	0x0272      	SUBWF      R2, 0
L__main41:
0x014C	0x1803      	BTFSC      STATUS, 0
0x014D	0x295B      	GOTO       L_main20
;Roombacompletefile.c,123 :: 		PORTD = 0x00;       //STOP
0x014E	0x0188      	CLRF       PORTD
;Roombacompletefile.c,124 :: 		msDelay1(500);
0x014F	0x30F4      	MOVLW      244
0x0150	0x00A9      	MOVWF      FARG_msDelay1_msCnt
0x0151	0x3001      	MOVLW      1
0x0152	0x00AA      	MOVWF      FARG_msDelay1_msCnt+1
0x0153	0x2072      	CALL       _msDelay1
;Roombacompletefile.c,125 :: 		PORTD = 0x66;       //LEFT
0x0154	0x3066      	MOVLW      102
0x0155	0x0088      	MOVWF      PORTD
;Roombacompletefile.c,126 :: 		msDelay1(1000);
0x0156	0x30E8      	MOVLW      232
0x0157	0x00A9      	MOVWF      FARG_msDelay1_msCnt
0x0158	0x3003      	MOVLW      3
0x0159	0x00AA      	MOVWF      FARG_msDelay1_msCnt+1
0x015A	0x2072      	CALL       _msDelay1
;Roombacompletefile.c,127 :: 		}
L_main20:
;Roombacompletefile.c,128 :: 		PORTD = 0xAA;       	//FORWARD
0x015B	0x30AA      	MOVLW      170
0x015C	0x0088      	MOVWF      PORTD
;Roombacompletefile.c,129 :: 		}
0x015D	0x28AA      	GOTO       L_main4
;Roombacompletefile.c,130 :: 		}
L_end_main:
0x015E	0x295E      	GOTO       $+0
; end of _main
Symbol List:
//** Routines locations **
//ADDRESS    SIZE    PROCEDURE
//----------------------------------------------
0x0004      [54]    _interrupt
0x003A      [21]    _usDelay
0x004F      [35]    _msDelay2
0x0072      [35]    _msDelay1
0x0095     [202]    _main
//** Variables locations ** 
//ADDRESS    SIZE    VARIABLE
//----------------------------------------------
0x0000       [1]    INDF
0x0003       [1]    STATUS
0x0004       [1]    FSR
0x0006       [1]    PORTB
0x0007       [1]    PORTC
0x0008       [1]    PORTD
0x000A       [1]    PCLATH
0x000B       [1]    INTCON
0x000C       [1]    PIR1
0x000E       [1]    TMR1L
0x000F       [1]    TMR1H
0x0010       [1]    T1CON
0x0021       [2]    ___DoICPAddr
0x0023       [2]    _T1overflow
0x0025       [2]    _Total
0x0027       [1]    ___savePCLATH
0x0028       [1]    ___saveSTATUS
0x0029       [2]    FARG_msDelay1_msCnt
0x0029       [2]    FARG_usDelay_usCnt
0x002B       [2]    msDelay1_ms_L0
0x002B       [2]    usDelay_us_L0
0x002D       [2]    msDelay1_cc_L0
0x002F       [2]    FARG_msDelay2_msCnt
0x0031       [2]    msDelay2_ms_L0
0x0033       [2]    msDelay2_cc_L0
0x0070       [1]    R0
0x0071       [1]    R1
0x0072       [1]    R2
0x0073       [1]    R3
0x0074       [1]    R4
0x0075       [1]    R5
0x0076       [1]    R6
0x0077       [1]    R7
0x0078       [1]    R8
0x0079       [1]    R9
0x007A       [1]    R10
0x007B       [1]    R11
0x007C       [1]    R12
0x007D       [1]    R13
0x007E       [1]    R14
0x007F       [1]    R15
0x0086       [1]    TRISB
0x0087       [1]    TRISC
0x0088       [1]    TRISD
0x008C       [1]    PIE1
